::ffff:127.0.0.1 - - [28/Nov/2015:07:14:19 +0000] "GET /counterParsing?countvalue=166 HTTP/1.1" 304 - "http://localhost:3000/city_management" "Mozilla/5.0 (Windows NT 6.1; WOW64) AppleWebKit/537.36 (KHTML, like Gecko) Chrome/46.0.2490.86 Safari/537.36"
::ffff:127.0.0.1 - - [28/Nov/2015:07:14:22 +0000] "GET /city_management HTTP/1.1" 304 - "-" "Mozilla/5.0 (Windows NT 6.1; WOW64) AppleWebKit/537.36 (KHTML, like Gecko) Chrome/46.0.2490.86 Safari/537.36"
::ffff:127.0.0.1 - - [28/Nov/2015:07:14:22 +0000] "GET /public/css/style.css HTTP/1.1" 304 - "http://localhost:3000/city_management" "Mozilla/5.0 (Windows NT 6.1; WOW64) AppleWebKit/537.36 (KHTML, like Gecko) Chrome/46.0.2490.86 Safari/537.36"
::1 - - [28/Nov/2015:07:14:22 +0000] "GET /public/js/jquery.js HTTP/1.1" 304 - "http://localhost:3000/city_management" "Mozilla/5.0 (Windows NT 6.1; WOW64) AppleWebKit/537.36 (KHTML, like Gecko) Chrome/46.0.2490.86 Safari/537.36"
::1 - - [28/Nov/2015:07:14:22 +0000] "GET /public/js/gameMgtController.js HTTP/1.1" 304 - "http://localhost:3000/city_management" "Mozilla/5.0 (Windows NT 6.1; WOW64) AppleWebKit/537.36 (KHTML, like Gecko) Chrome/46.0.2490.86 Safari/537.36"
::1 - - [28/Nov/2015:07:14:22 +0000] "GET /public/js/cityMgtController.js HTTP/1.1" 304 - "http://localhost:3000/city_management" "Mozilla/5.0 (Windows NT 6.1; WOW64) AppleWebKit/537.36 (KHTML, like Gecko) Chrome/46.0.2490.86 Safari/537.36"
::1 - - [28/Nov/2015:07:14:22 +0000] "GET /public/js/common.js HTTP/1.1" 304 - "http://localhost:3000/city_management" "Mozilla/5.0 (Windows NT 6.1; WOW64) AppleWebKit/537.36 (KHTML, like Gecko) Chrome/46.0.2490.86 Safari/537.36"
::1 - - [28/Nov/2015:07:14:22 +0000] "GET /public/images/townHall.gif HTTP/1.1" 304 - "http://localhost:3000/city_management" "Mozilla/5.0 (Windows NT 6.1; WOW64) AppleWebKit/537.36 (KHTML, like Gecko) Chrome/46.0.2490.86 Safari/537.36"
::1 - - [28/Nov/2015:07:14:22 +0000] "GET /public/js/jsonParseController.js HTTP/1.1" 200 1381 "http://localhost:3000/city_management" "Mozilla/5.0 (Windows NT 6.1; WOW64) AppleWebKit/537.36 (KHTML, like Gecko) Chrome/46.0.2490.86 Safari/537.36"
::1 - - [28/Nov/2015:07:14:22 +0000] "GET /public/images/superMarket.gif HTTP/1.1" 304 - "http://localhost:3000/city_management" "Mozilla/5.0 (Windows NT 6.1; WOW64) AppleWebKit/537.36 (KHTML, like Gecko) Chrome/46.0.2490.86 Safari/537.36"
::1 - - [28/Nov/2015:07:14:22 +0000] "GET /public/images/restaurant.gif HTTP/1.1" 304 - "http://localhost:3000/city_management" "Mozilla/5.0 (Windows NT 6.1; WOW64) AppleWebKit/537.36 (KHTML, like Gecko) Chrome/46.0.2490.86 Safari/537.36"
::1 - - [28/Nov/2015:07:14:22 +0000] "GET /public/images/expo_center.gif HTTP/1.1" 304 - "http://localhost:3000/city_management" "Mozilla/5.0 (Windows NT 6.1; WOW64) AppleWebKit/537.36 (KHTML, like Gecko) Chrome/46.0.2490.86 Safari/537.36"
::1 - - [28/Nov/2015:07:14:22 +0000] "GET /public/images/train_station.gif HTTP/1.1" 304 - "http://localhost:3000/city_management" "Mozilla/5.0 (Windows NT 6.1; WOW64) AppleWebKit/537.36 (KHTML, like Gecko) Chrome/46.0.2490.86 Safari/537.36"
::1 - - [28/Nov/2015:07:14:22 +0000] "GET /localhost/counterValue HTTP/1.1" 200 13 "http://localhost:3000/city_management" "Mozilla/5.0 (Windows NT 6.1; WOW64) AppleWebKit/537.36 (KHTML, like Gecko) Chrome/46.0.2490.86 Safari/537.36"
::1 - - [28/Nov/2015:07:14:22 +0000] "GET /favicon.ico HTTP/1.1" 304 - "http://localhost:3000/city_management" "Mozilla/5.0 (Windows NT 6.1; WOW64) AppleWebKit/537.36 (KHTML, like Gecko) Chrome/46.0.2490.86 Safari/537.36"
::1 - - [28/Nov/2015:07:14:55 +0000] "GET /city_management HTTP/1.1" 304 - "-" "Mozilla/5.0 (Windows NT 6.1; WOW64) AppleWebKit/537.36 (KHTML, like Gecko) Chrome/46.0.2490.86 Safari/537.36"
::1 - - [28/Nov/2015:07:14:55 +0000] "GET /public/css/style.css HTTP/1.1" 304 - "http://localhost:3000/city_management" "Mozilla/5.0 (Windows NT 6.1; WOW64) AppleWebKit/537.36 (KHTML, like Gecko) Chrome/46.0.2490.86 Safari/537.36"
::1 - - [28/Nov/2015:07:14:55 +0000] "GET /public/js/jquery.js HTTP/1.1" 304 - "http://localhost:3000/city_management" "Mozilla/5.0 (Windows NT 6.1; WOW64) AppleWebKit/537.36 (KHTML, like Gecko) Chrome/46.0.2490.86 Safari/537.36"
::1 - - [28/Nov/2015:07:14:55 +0000] "GET /public/js/gameMgtController.js HTTP/1.1" 304 - "http://localhost:3000/city_management" "Mozilla/5.0 (Windows NT 6.1; WOW64) AppleWebKit/537.36 (KHTML, like Gecko) Chrome/46.0.2490.86 Safari/537.36"
::1 - - [28/Nov/2015:07:14:55 +0000] "GET /public/js/cityMgtController.js HTTP/1.1" 304 - "http://localhost:3000/city_management" "Mozilla/5.0 (Windows NT 6.1; WOW64) AppleWebKit/537.36 (KHTML, like Gecko) Chrome/46.0.2490.86 Safari/537.36"
::1 - - [28/Nov/2015:07:14:55 +0000] "GET /public/js/common.js HTTP/1.1" 304 - "http://localhost:3000/city_management" "Mozilla/5.0 (Windows NT 6.1; WOW64) AppleWebKit/537.36 (KHTML, like Gecko) Chrome/46.0.2490.86 Safari/537.36"
::1 - - [28/Nov/2015:07:14:55 +0000] "GET /public/images/townHall.gif HTTP/1.1" 304 - "http://localhost:3000/city_management" "Mozilla/5.0 (Windows NT 6.1; WOW64) AppleWebKit/537.36 (KHTML, like Gecko) Chrome/46.0.2490.86 Safari/537.36"
::1 - - [28/Nov/2015:07:14:55 +0000] "GET /public/js/jsonParseController.js HTTP/1.1" 200 1404 "http://localhost:3000/city_management" "Mozilla/5.0 (Windows NT 6.1; WOW64) AppleWebKit/537.36 (KHTML, like Gecko) Chrome/46.0.2490.86 Safari/537.36"
::1 - - [28/Nov/2015:07:14:55 +0000] "GET /public/images/superMarket.gif HTTP/1.1" 304 - "http://localhost:3000/city_management" "Mozilla/5.0 (Windows NT 6.1; WOW64) AppleWebKit/537.36 (KHTML, like Gecko) Chrome/46.0.2490.86 Safari/537.36"
::1 - - [28/Nov/2015:07:14:55 +0000] "GET /public/images/restaurant.gif HTTP/1.1" 304 - "http://localhost:3000/city_management" "Mozilla/5.0 (Windows NT 6.1; WOW64) AppleWebKit/537.36 (KHTML, like Gecko) Chrome/46.0.2490.86 Safari/537.36"
::1 - - [28/Nov/2015:07:14:55 +0000] "GET /public/images/expo_center.gif HTTP/1.1" 304 - "http://localhost:3000/city_management" "Mozilla/5.0 (Windows NT 6.1; WOW64) AppleWebKit/537.36 (KHTML, like Gecko) Chrome/46.0.2490.86 Safari/537.36"
::1 - - [28/Nov/2015:07:14:55 +0000] "GET /public/images/train_station.gif HTTP/1.1" 304 - "http://localhost:3000/city_management" "Mozilla/5.0 (Windows NT 6.1; WOW64) AppleWebKit/537.36 (KHTML, like Gecko) Chrome/46.0.2490.86 Safari/537.36"
::1 - - [28/Nov/2015:07:14:57 +0000] "GET /localhost/counterValue HTTP/1.1" 304 - "http://localhost:3000/city_management" "Mozilla/5.0 (Windows NT 6.1; WOW64) AppleWebKit/537.36 (KHTML, like Gecko) Chrome/46.0.2490.86 Safari/537.36"
::1 - - [28/Nov/2015:07:14:57 +0000] "GET /favicon.ico HTTP/1.1" 304 - "http://localhost:3000/city_management" "Mozilla/5.0 (Windows NT 6.1; WOW64) AppleWebKit/537.36 (KHTML, like Gecko) Chrome/46.0.2490.86 Safari/537.36"
