::1 - - [28/Nov/2015:10:14:12 +0000] "GET /city_management HTTP/1.1" 304 - "http://localhost:3000/" "Mozilla/5.0 (Windows NT 6.1; WOW64) AppleWebKit/537.36 (KHTML, like Gecko) Chrome/46.0.2490.86 Safari/537.36"
::1 - - [28/Nov/2015:10:14:12 +0000] "GET /public/css/style.css HTTP/1.1" 304 - "http://localhost:3000/city_management" "Mozilla/5.0 (Windows NT 6.1; WOW64) AppleWebKit/537.36 (KHTML, like Gecko) Chrome/46.0.2490.86 Safari/537.36"
::1 - - [28/Nov/2015:10:14:12 +0000] "GET /public/js/jquery.js HTTP/1.1" 304 - "http://localhost:3000/city_management" "Mozilla/5.0 (Windows NT 6.1; WOW64) AppleWebKit/537.36 (KHTML, like Gecko) Chrome/46.0.2490.86 Safari/537.36"
::1 - - [28/Nov/2015:10:14:12 +0000] "GET /public/js/jsonParseController.js HTTP/1.1" 304 - "http://localhost:3000/city_management" "Mozilla/5.0 (Windows NT 6.1; WOW64) AppleWebKit/537.36 (KHTML, like Gecko) Chrome/46.0.2490.86 Safari/537.36"
::1 - - [28/Nov/2015:10:14:12 +0000] "GET /public/js/common.js HTTP/1.1" 304 - "http://localhost:3000/city_management" "Mozilla/5.0 (Windows NT 6.1; WOW64) AppleWebKit/537.36 (KHTML, like Gecko) Chrome/46.0.2490.86 Safari/537.36"
::1 - - [28/Nov/2015:10:14:12 +0000] "GET /public/js/gameMgtController.js HTTP/1.1" 200 1193 "http://localhost:3000/city_management" "Mozilla/5.0 (Windows NT 6.1; WOW64) AppleWebKit/537.36 (KHTML, like Gecko) Chrome/46.0.2490.86 Safari/537.36"
::1 - - [28/Nov/2015:10:14:12 +0000] "GET /public/js/cityMgtController.js HTTP/1.1" 200 1255 "http://localhost:3000/city_management" "Mozilla/5.0 (Windows NT 6.1; WOW64) AppleWebKit/537.36 (KHTML, like Gecko) Chrome/46.0.2490.86 Safari/537.36"
::1 - - [28/Nov/2015:10:14:12 +0000] "GET /public/images/townHall.gif HTTP/1.1" 304 - "http://localhost:3000/city_management" "Mozilla/5.0 (Windows NT 6.1; WOW64) AppleWebKit/537.36 (KHTML, like Gecko) Chrome/46.0.2490.86 Safari/537.36"
::1 - - [28/Nov/2015:10:14:12 +0000] "GET /public/images/superMarket.gif HTTP/1.1" 304 - "http://localhost:3000/city_management" "Mozilla/5.0 (Windows NT 6.1; WOW64) AppleWebKit/537.36 (KHTML, like Gecko) Chrome/46.0.2490.86 Safari/537.36"
::1 - - [28/Nov/2015:10:14:12 +0000] "GET /public/images/restaurant.gif HTTP/1.1" 304 - "http://localhost:3000/city_management" "Mozilla/5.0 (Windows NT 6.1; WOW64) AppleWebKit/537.36 (KHTML, like Gecko) Chrome/46.0.2490.86 Safari/537.36"
::1 - - [28/Nov/2015:10:14:12 +0000] "GET /public/images/expo_center.gif HTTP/1.1" 304 - "http://localhost:3000/city_management" "Mozilla/5.0 (Windows NT 6.1; WOW64) AppleWebKit/537.36 (KHTML, like Gecko) Chrome/46.0.2490.86 Safari/537.36"
::1 - - [28/Nov/2015:10:14:12 +0000] "GET /public/images/train_station.gif HTTP/1.1" 304 - "http://localhost:3000/city_management" "Mozilla/5.0 (Windows NT 6.1; WOW64) AppleWebKit/537.36 (KHTML, like Gecko) Chrome/46.0.2490.86 Safari/537.36"
::1 - - [28/Nov/2015:10:14:12 +0000] "GET /favicon.ico HTTP/1.1" 304 - "http://localhost:3000/city_management" "Mozilla/5.0 (Windows NT 6.1; WOW64) AppleWebKit/537.36 (KHTML, like Gecko) Chrome/46.0.2490.86 Safari/537.36"
::1 - - [28/Nov/2015:10:14:43 +0000] "GET /city_management HTTP/1.1" 304 - "http://localhost:3000/" "Mozilla/5.0 (Windows NT 6.1; WOW64) AppleWebKit/537.36 (KHTML, like Gecko) Chrome/46.0.2490.86 Safari/537.36"
::1 - - [28/Nov/2015:10:14:43 +0000] "GET /public/css/style.css HTTP/1.1" 304 - "http://localhost:3000/city_management" "Mozilla/5.0 (Windows NT 6.1; WOW64) AppleWebKit/537.36 (KHTML, like Gecko) Chrome/46.0.2490.86 Safari/537.36"
::1 - - [28/Nov/2015:10:14:43 +0000] "GET /public/js/jquery.js HTTP/1.1" 304 - "http://localhost:3000/city_management" "Mozilla/5.0 (Windows NT 6.1; WOW64) AppleWebKit/537.36 (KHTML, like Gecko) Chrome/46.0.2490.86 Safari/537.36"
::1 - - [28/Nov/2015:10:14:43 +0000] "GET /public/js/gameMgtController.js HTTP/1.1" 200 1160 "http://localhost:3000/city_management" "Mozilla/5.0 (Windows NT 6.1; WOW64) AppleWebKit/537.36 (KHTML, like Gecko) Chrome/46.0.2490.86 Safari/537.36"
::1 - - [28/Nov/2015:10:14:43 +0000] "GET /public/js/common.js HTTP/1.1" 304 - "http://localhost:3000/city_management" "Mozilla/5.0 (Windows NT 6.1; WOW64) AppleWebKit/537.36 (KHTML, like Gecko) Chrome/46.0.2490.86 Safari/537.36"
::1 - - [28/Nov/2015:10:14:43 +0000] "GET /public/images/townHall.gif HTTP/1.1" 304 - "http://localhost:3000/city_management" "Mozilla/5.0 (Windows NT 6.1; WOW64) AppleWebKit/537.36 (KHTML, like Gecko) Chrome/46.0.2490.86 Safari/537.36"
::1 - - [28/Nov/2015:10:14:43 +0000] "GET /public/js/cityMgtController.js HTTP/1.1" 200 1278 "http://localhost:3000/city_management" "Mozilla/5.0 (Windows NT 6.1; WOW64) AppleWebKit/537.36 (KHTML, like Gecko) Chrome/46.0.2490.86 Safari/537.36"
::1 - - [28/Nov/2015:10:14:43 +0000] "GET /public/js/jsonParseController.js HTTP/1.1" 200 1381 "http://localhost:3000/city_management" "Mozilla/5.0 (Windows NT 6.1; WOW64) AppleWebKit/537.36 (KHTML, like Gecko) Chrome/46.0.2490.86 Safari/537.36"
::1 - - [28/Nov/2015:10:14:43 +0000] "GET /public/images/superMarket.gif HTTP/1.1" 304 - "http://localhost:3000/city_management" "Mozilla/5.0 (Windows NT 6.1; WOW64) AppleWebKit/537.36 (KHTML, like Gecko) Chrome/46.0.2490.86 Safari/537.36"
::1 - - [28/Nov/2015:10:14:43 +0000] "GET /public/images/restaurant.gif HTTP/1.1" 304 - "http://localhost:3000/city_management" "Mozilla/5.0 (Windows NT 6.1; WOW64) AppleWebKit/537.36 (KHTML, like Gecko) Chrome/46.0.2490.86 Safari/537.36"
::1 - - [28/Nov/2015:10:14:43 +0000] "GET /public/images/expo_center.gif HTTP/1.1" 304 - "http://localhost:3000/city_management" "Mozilla/5.0 (Windows NT 6.1; WOW64) AppleWebKit/537.36 (KHTML, like Gecko) Chrome/46.0.2490.86 Safari/537.36"
::1 - - [28/Nov/2015:10:14:43 +0000] "GET /public/images/train_station.gif HTTP/1.1" 304 - "http://localhost:3000/city_management" "Mozilla/5.0 (Windows NT 6.1; WOW64) AppleWebKit/537.36 (KHTML, like Gecko) Chrome/46.0.2490.86 Safari/537.36"
::1 - - [28/Nov/2015:10:14:44 +0000] "GET /favicon.ico HTTP/1.1" 304 - "http://localhost:3000/city_management" "Mozilla/5.0 (Windows NT 6.1; WOW64) AppleWebKit/537.36 (KHTML, like Gecko) Chrome/46.0.2490.86 Safari/537.36"
::1 - - [28/Nov/2015:10:14:46 +0000] "GET /favicon.ico HTTP/1.1" 304 - "http://localhost:3000/" "Mozilla/5.0 (Windows NT 6.1; WOW64) AppleWebKit/537.36 (KHTML, like Gecko) Chrome/46.0.2490.86 Safari/537.36"
::1 - - [28/Nov/2015:10:14:46 +0000] "GET / HTTP/1.1" 304 - "-" "Mozilla/5.0 (Windows NT 6.1; WOW64) AppleWebKit/537.36 (KHTML, like Gecko) Chrome/46.0.2490.86 Safari/537.36"
::1 - - [28/Nov/2015:10:14:47 +0000] "GET /public/css/style.css HTTP/1.1" 304 - "http://localhost:3000/" "Mozilla/5.0 (Windows NT 6.1; WOW64) AppleWebKit/537.36 (KHTML, like Gecko) Chrome/46.0.2490.86 Safari/537.36"
::1 - - [28/Nov/2015:10:14:47 +0000] "GET /public/js/jquery.js HTTP/1.1" 304 - "http://localhost:3000/" "Mozilla/5.0 (Windows NT 6.1; WOW64) AppleWebKit/537.36 (KHTML, like Gecko) Chrome/46.0.2490.86 Safari/537.36"
::1 - - [28/Nov/2015:10:14:47 +0000] "GET /public/js/gameMgtController.js HTTP/1.1" 304 - "http://localhost:3000/" "Mozilla/5.0 (Windows NT 6.1; WOW64) AppleWebKit/537.36 (KHTML, like Gecko) Chrome/46.0.2490.86 Safari/537.36"
::1 - - [28/Nov/2015:10:14:47 +0000] "GET /public/js/cityMgtController.js HTTP/1.1" 304 - "http://localhost:3000/" "Mozilla/5.0 (Windows NT 6.1; WOW64) AppleWebKit/537.36 (KHTML, like Gecko) Chrome/46.0.2490.86 Safari/537.36"
::1 - - [28/Nov/2015:10:14:47 +0000] "GET /public/js/jsonParseController.js HTTP/1.1" 304 - "http://localhost:3000/" "Mozilla/5.0 (Windows NT 6.1; WOW64) AppleWebKit/537.36 (KHTML, like Gecko) Chrome/46.0.2490.86 Safari/537.36"
::1 - - [28/Nov/2015:10:14:47 +0000] "GET /public/js/common.js HTTP/1.1" 304 - "http://localhost:3000/" "Mozilla/5.0 (Windows NT 6.1; WOW64) AppleWebKit/537.36 (KHTML, like Gecko) Chrome/46.0.2490.86 Safari/537.36"
::1 - - [28/Nov/2015:10:14:47 +0000] "GET /public/images/arrow.gif HTTP/1.1" 304 - "http://localhost:3000/" "Mozilla/5.0 (Windows NT 6.1; WOW64) AppleWebKit/537.36 (KHTML, like Gecko) Chrome/46.0.2490.86 Safari/537.36"
::1 - - [28/Nov/2015:10:14:47 +0000] "GET /favicon.ico HTTP/1.1" 304 - "http://localhost:3000/" "Mozilla/5.0 (Windows NT 6.1; WOW64) AppleWebKit/537.36 (KHTML, like Gecko) Chrome/46.0.2490.86 Safari/537.36"
