::1 - - [28/Nov/2015:10:11:49 +0000] "GET /city_management HTTP/1.1" 304 - "http://localhost:3000/" "Mozilla/5.0 (Windows NT 6.1; WOW64) AppleWebKit/537.36 (KHTML, like Gecko) Chrome/46.0.2490.86 Safari/537.36"
::1 - - [28/Nov/2015:10:11:49 +0000] "GET /public/css/style.css HTTP/1.1" 304 - "http://localhost:3000/city_management" "Mozilla/5.0 (Windows NT 6.1; WOW64) AppleWebKit/537.36 (KHTML, like Gecko) Chrome/46.0.2490.86 Safari/537.36"
::1 - - [28/Nov/2015:10:11:49 +0000] "GET /public/js/jquery.js HTTP/1.1" 304 - "http://localhost:3000/city_management" "Mozilla/5.0 (Windows NT 6.1; WOW64) AppleWebKit/537.36 (KHTML, like Gecko) Chrome/46.0.2490.86 Safari/537.36"
::1 - - [28/Nov/2015:10:11:49 +0000] "GET /public/images/townHall.gif HTTP/1.1" 304 - "http://localhost:3000/city_management" "Mozilla/5.0 (Windows NT 6.1; WOW64) AppleWebKit/537.36 (KHTML, like Gecko) Chrome/46.0.2490.86 Safari/537.36"
::1 - - [28/Nov/2015:10:11:49 +0000] "GET /public/js/jsonParseController.js HTTP/1.1" 304 - "http://localhost:3000/city_management" "Mozilla/5.0 (Windows NT 6.1; WOW64) AppleWebKit/537.36 (KHTML, like Gecko) Chrome/46.0.2490.86 Safari/537.36"
::1 - - [28/Nov/2015:10:11:49 +0000] "GET /public/js/common.js HTTP/1.1" 304 - "http://localhost:3000/city_management" "Mozilla/5.0 (Windows NT 6.1; WOW64) AppleWebKit/537.36 (KHTML, like Gecko) Chrome/46.0.2490.86 Safari/537.36"
::1 - - [28/Nov/2015:10:11:49 +0000] "GET /public/js/gameMgtController.js HTTP/1.1" 200 1382 "http://localhost:3000/city_management" "Mozilla/5.0 (Windows NT 6.1; WOW64) AppleWebKit/537.36 (KHTML, like Gecko) Chrome/46.0.2490.86 Safari/537.36"
::1 - - [28/Nov/2015:10:11:49 +0000] "GET /public/js/cityMgtController.js HTTP/1.1" 200 1236 "http://localhost:3000/city_management" "Mozilla/5.0 (Windows NT 6.1; WOW64) AppleWebKit/537.36 (KHTML, like Gecko) Chrome/46.0.2490.86 Safari/537.36"
::1 - - [28/Nov/2015:10:11:49 +0000] "GET /public/images/superMarket.gif HTTP/1.1" 304 - "http://localhost:3000/city_management" "Mozilla/5.0 (Windows NT 6.1; WOW64) AppleWebKit/537.36 (KHTML, like Gecko) Chrome/46.0.2490.86 Safari/537.36"
::1 - - [28/Nov/2015:10:11:49 +0000] "GET /public/images/restaurant.gif HTTP/1.1" 304 - "http://localhost:3000/city_management" "Mozilla/5.0 (Windows NT 6.1; WOW64) AppleWebKit/537.36 (KHTML, like Gecko) Chrome/46.0.2490.86 Safari/537.36"
::1 - - [28/Nov/2015:10:11:49 +0000] "GET /public/images/expo_center.gif HTTP/1.1" 304 - "http://localhost:3000/city_management" "Mozilla/5.0 (Windows NT 6.1; WOW64) AppleWebKit/537.36 (KHTML, like Gecko) Chrome/46.0.2490.86 Safari/537.36"
::1 - - [28/Nov/2015:10:11:49 +0000] "GET /public/images/train_station.gif HTTP/1.1" 304 - "http://localhost:3000/city_management" "Mozilla/5.0 (Windows NT 6.1; WOW64) AppleWebKit/537.36 (KHTML, like Gecko) Chrome/46.0.2490.86 Safari/537.36"
::1 - - [28/Nov/2015:10:11:49 +0000] "GET /favicon.ico HTTP/1.1" 304 - "http://localhost:3000/city_management" "Mozilla/5.0 (Windows NT 6.1; WOW64) AppleWebKit/537.36 (KHTML, like Gecko) Chrome/46.0.2490.86 Safari/537.36"
::1 - - [28/Nov/2015:10:11:50 +0000] "GET /favicon.ico HTTP/1.1" 304 - "http://localhost:3000/" "Mozilla/5.0 (Windows NT 6.1; WOW64) AppleWebKit/537.36 (KHTML, like Gecko) Chrome/46.0.2490.86 Safari/537.36"
::1 - - [28/Nov/2015:10:11:51 +0000] "GET / HTTP/1.1" 200 2227 "-" "Mozilla/5.0 (Windows NT 6.1; WOW64) AppleWebKit/537.36 (KHTML, like Gecko) Chrome/46.0.2490.86 Safari/537.36"
::1 - - [28/Nov/2015:10:11:51 +0000] "GET /public/css/style.css HTTP/1.1" 304 - "http://localhost:3000/" "Mozilla/5.0 (Windows NT 6.1; WOW64) AppleWebKit/537.36 (KHTML, like Gecko) Chrome/46.0.2490.86 Safari/537.36"
::1 - - [28/Nov/2015:10:11:51 +0000] "GET /public/js/jquery.js HTTP/1.1" 304 - "http://localhost:3000/" "Mozilla/5.0 (Windows NT 6.1; WOW64) AppleWebKit/537.36 (KHTML, like Gecko) Chrome/46.0.2490.86 Safari/537.36"
::1 - - [28/Nov/2015:10:11:51 +0000] "GET /public/js/gameMgtController.js HTTP/1.1" 304 - "http://localhost:3000/" "Mozilla/5.0 (Windows NT 6.1; WOW64) AppleWebKit/537.36 (KHTML, like Gecko) Chrome/46.0.2490.86 Safari/537.36"
::1 - - [28/Nov/2015:10:11:51 +0000] "GET /public/js/cityMgtController.js HTTP/1.1" 304 - "http://localhost:3000/" "Mozilla/5.0 (Windows NT 6.1; WOW64) AppleWebKit/537.36 (KHTML, like Gecko) Chrome/46.0.2490.86 Safari/537.36"
::1 - - [28/Nov/2015:10:11:51 +0000] "GET /public/js/jsonParseController.js HTTP/1.1" 304 - "http://localhost:3000/" "Mozilla/5.0 (Windows NT 6.1; WOW64) AppleWebKit/537.36 (KHTML, like Gecko) Chrome/46.0.2490.86 Safari/537.36"
::1 - - [28/Nov/2015:10:11:51 +0000] "GET /public/js/common.js HTTP/1.1" 304 - "http://localhost:3000/" "Mozilla/5.0 (Windows NT 6.1; WOW64) AppleWebKit/537.36 (KHTML, like Gecko) Chrome/46.0.2490.86 Safari/537.36"
::1 - - [28/Nov/2015:10:11:51 +0000] "GET /public/images/arrow.gif HTTP/1.1" 304 - "http://localhost:3000/" "Mozilla/5.0 (Windows NT 6.1; WOW64) AppleWebKit/537.36 (KHTML, like Gecko) Chrome/46.0.2490.86 Safari/537.36"
::1 - - [28/Nov/2015:10:11:51 +0000] "GET /favicon.ico HTTP/1.1" 304 - "http://localhost:3000/" "Mozilla/5.0 (Windows NT 6.1; WOW64) AppleWebKit/537.36 (KHTML, like Gecko) Chrome/46.0.2490.86 Safari/537.36"
::1 - - [28/Nov/2015:10:11:55 +0000] "GET //counterValue HTTP/1.1" 304 - "http://localhost:3000/" "Mozilla/5.0 (Windows NT 6.1; WOW64) AppleWebKit/537.36 (KHTML, like Gecko) Chrome/46.0.2490.86 Safari/537.36"
::1 - - [28/Nov/2015:10:11:55 +0000] "GET /city_management HTTP/1.1" 304 - "http://localhost:3000/" "Mozilla/5.0 (Windows NT 6.1; WOW64) AppleWebKit/537.36 (KHTML, like Gecko) Chrome/46.0.2490.86 Safari/537.36"
::1 - - [28/Nov/2015:10:11:55 +0000] "GET /public/css/style.css HTTP/1.1" 304 - "http://localhost:3000/city_management" "Mozilla/5.0 (Windows NT 6.1; WOW64) AppleWebKit/537.36 (KHTML, like Gecko) Chrome/46.0.2490.86 Safari/537.36"
::1 - - [28/Nov/2015:10:11:55 +0000] "GET /public/js/jquery.js HTTP/1.1" 304 - "http://localhost:3000/city_management" "Mozilla/5.0 (Windows NT 6.1; WOW64) AppleWebKit/537.36 (KHTML, like Gecko) Chrome/46.0.2490.86 Safari/537.36"
::1 - - [28/Nov/2015:10:11:55 +0000] "GET /public/js/gameMgtController.js HTTP/1.1" 304 - "http://localhost:3000/city_management" "Mozilla/5.0 (Windows NT 6.1; WOW64) AppleWebKit/537.36 (KHTML, like Gecko) Chrome/46.0.2490.86 Safari/537.36"
::1 - - [28/Nov/2015:10:11:55 +0000] "GET /public/js/cityMgtController.js HTTP/1.1" 304 - "http://localhost:3000/city_management" "Mozilla/5.0 (Windows NT 6.1; WOW64) AppleWebKit/537.36 (KHTML, like Gecko) Chrome/46.0.2490.86 Safari/537.36"
::1 - - [28/Nov/2015:10:11:55 +0000] "GET /public/js/jsonParseController.js HTTP/1.1" 304 - "http://localhost:3000/city_management" "Mozilla/5.0 (Windows NT 6.1; WOW64) AppleWebKit/537.36 (KHTML, like Gecko) Chrome/46.0.2490.86 Safari/537.36"
::1 - - [28/Nov/2015:10:11:55 +0000] "GET /public/js/common.js HTTP/1.1" 304 - "http://localhost:3000/city_management" "Mozilla/5.0 (Windows NT 6.1; WOW64) AppleWebKit/537.36 (KHTML, like Gecko) Chrome/46.0.2490.86 Safari/537.36"
::1 - - [28/Nov/2015:10:11:55 +0000] "GET /public/images/townHall.gif HTTP/1.1" 304 - "http://localhost:3000/city_management" "Mozilla/5.0 (Windows NT 6.1; WOW64) AppleWebKit/537.36 (KHTML, like Gecko) Chrome/46.0.2490.86 Safari/537.36"
::1 - - [28/Nov/2015:10:11:55 +0000] "GET /public/images/superMarket.gif HTTP/1.1" 304 - "http://localhost:3000/city_management" "Mozilla/5.0 (Windows NT 6.1; WOW64) AppleWebKit/537.36 (KHTML, like Gecko) Chrome/46.0.2490.86 Safari/537.36"
::1 - - [28/Nov/2015:10:11:55 +0000] "GET /public/images/restaurant.gif HTTP/1.1" 304 - "http://localhost:3000/city_management" "Mozilla/5.0 (Windows NT 6.1; WOW64) AppleWebKit/537.36 (KHTML, like Gecko) Chrome/46.0.2490.86 Safari/537.36"
::1 - - [28/Nov/2015:10:11:55 +0000] "GET /public/images/expo_center.gif HTTP/1.1" 304 - "http://localhost:3000/city_management" "Mozilla/5.0 (Windows NT 6.1; WOW64) AppleWebKit/537.36 (KHTML, like Gecko) Chrome/46.0.2490.86 Safari/537.36"
::1 - - [28/Nov/2015:10:11:55 +0000] "GET /public/images/train_station.gif HTTP/1.1" 304 - "http://localhost:3000/city_management" "Mozilla/5.0 (Windows NT 6.1; WOW64) AppleWebKit/537.36 (KHTML, like Gecko) Chrome/46.0.2490.86 Safari/537.36"
::1 - - [28/Nov/2015:10:11:55 +0000] "GET /favicon.ico HTTP/1.1" 304 - "http://localhost:3000/city_management" "Mozilla/5.0 (Windows NT 6.1; WOW64) AppleWebKit/537.36 (KHTML, like Gecko) Chrome/46.0.2490.86 Safari/537.36"
