::1 - - [28/Nov/2015:10:28:01 +0000] "GET /city_management?newCity HTTP/1.1" 304 - "http://localhost:3000/" "Mozilla/5.0 (Windows NT 6.1; WOW64) AppleWebKit/537.36 (KHTML, like Gecko) Chrome/46.0.2490.86 Safari/537.36"
::1 - - [28/Nov/2015:10:28:01 +0000] "GET /public/css/style.css HTTP/1.1" 304 - "http://localhost:3000/city_management?newCity" "Mozilla/5.0 (Windows NT 6.1; WOW64) AppleWebKit/537.36 (KHTML, like Gecko) Chrome/46.0.2490.86 Safari/537.36"
::1 - - [28/Nov/2015:10:28:01 +0000] "GET /public/js/jquery.js HTTP/1.1" 304 - "http://localhost:3000/city_management?newCity" "Mozilla/5.0 (Windows NT 6.1; WOW64) AppleWebKit/537.36 (KHTML, like Gecko) Chrome/46.0.2490.86 Safari/537.36"
::1 - - [28/Nov/2015:10:28:01 +0000] "GET /public/js/gameMgtController.js HTTP/1.1" 304 - "http://localhost:3000/city_management?newCity" "Mozilla/5.0 (Windows NT 6.1; WOW64) AppleWebKit/537.36 (KHTML, like Gecko) Chrome/46.0.2490.86 Safari/537.36"
::1 - - [28/Nov/2015:10:28:01 +0000] "GET /public/js/cityMgtController.js HTTP/1.1" 304 - "http://localhost:3000/city_management?newCity" "Mozilla/5.0 (Windows NT 6.1; WOW64) AppleWebKit/537.36 (KHTML, like Gecko) Chrome/46.0.2490.86 Safari/537.36"
::1 - - [28/Nov/2015:10:28:01 +0000] "GET /public/js/jsonParseController.js HTTP/1.1" 304 - "http://localhost:3000/city_management?newCity" "Mozilla/5.0 (Windows NT 6.1; WOW64) AppleWebKit/537.36 (KHTML, like Gecko) Chrome/46.0.2490.86 Safari/537.36"
::1 - - [28/Nov/2015:10:28:01 +0000] "GET /public/js/common.js HTTP/1.1" 304 - "http://localhost:3000/city_management?newCity" "Mozilla/5.0 (Windows NT 6.1; WOW64) AppleWebKit/537.36 (KHTML, like Gecko) Chrome/46.0.2490.86 Safari/537.36"
::1 - - [28/Nov/2015:10:28:01 +0000] "GET /public/images/townHall.gif HTTP/1.1" 304 - "http://localhost:3000/city_management?newCity" "Mozilla/5.0 (Windows NT 6.1; WOW64) AppleWebKit/537.36 (KHTML, like Gecko) Chrome/46.0.2490.86 Safari/537.36"
::1 - - [28/Nov/2015:10:28:01 +0000] "GET /public/images/superMarket.gif HTTP/1.1" 304 - "http://localhost:3000/city_management?newCity" "Mozilla/5.0 (Windows NT 6.1; WOW64) AppleWebKit/537.36 (KHTML, like Gecko) Chrome/46.0.2490.86 Safari/537.36"
::1 - - [28/Nov/2015:10:28:01 +0000] "GET /public/images/restaurant.gif HTTP/1.1" 304 - "http://localhost:3000/city_management?newCity" "Mozilla/5.0 (Windows NT 6.1; WOW64) AppleWebKit/537.36 (KHTML, like Gecko) Chrome/46.0.2490.86 Safari/537.36"
::1 - - [28/Nov/2015:10:28:01 +0000] "GET /public/images/expo_center.gif HTTP/1.1" 304 - "http://localhost:3000/city_management?newCity" "Mozilla/5.0 (Windows NT 6.1; WOW64) AppleWebKit/537.36 (KHTML, like Gecko) Chrome/46.0.2490.86 Safari/537.36"
::1 - - [28/Nov/2015:10:28:01 +0000] "GET /public/images/train_station.gif HTTP/1.1" 304 - "http://localhost:3000/city_management?newCity" "Mozilla/5.0 (Windows NT 6.1; WOW64) AppleWebKit/537.36 (KHTML, like Gecko) Chrome/46.0.2490.86 Safari/537.36"
::1 - - [28/Nov/2015:10:28:01 +0000] "GET /counterValue HTTP/1.1" 200 55 "http://localhost:3000/city_management?newCity" "Mozilla/5.0 (Windows NT 6.1; WOW64) AppleWebKit/537.36 (KHTML, like Gecko) Chrome/46.0.2490.86 Safari/537.36"
::1 - - [28/Nov/2015:10:28:01 +0000] "GET /favicon.ico HTTP/1.1" 304 - "http://localhost:3000/city_management?newCity" "Mozilla/5.0 (Windows NT 6.1; WOW64) AppleWebKit/537.36 (KHTML, like Gecko) Chrome/46.0.2490.86 Safari/537.36"
::1 - - [28/Nov/2015:10:28:07 +0000] "GET /counterParsing?countvalue=18 HTTP/1.1" 304 - "http://localhost:3000/city_management?newCity" "Mozilla/5.0 (Windows NT 6.1; WOW64) AppleWebKit/537.36 (KHTML, like Gecko) Chrome/46.0.2490.86 Safari/537.36"
::1 - - [28/Nov/2015:10:28:13 +0000] "GET /counterParsing?countvalue=19 HTTP/1.1" 304 - "http://localhost:3000/city_management?newCity" "Mozilla/5.0 (Windows NT 6.1; WOW64) AppleWebKit/537.36 (KHTML, like Gecko) Chrome/46.0.2490.86 Safari/537.36"
::1 - - [28/Nov/2015:10:28:14 +0000] "GET /favicon.ico HTTP/1.1" 304 - "http://localhost:3000/" "Mozilla/5.0 (Windows NT 6.1; WOW64) AppleWebKit/537.36 (KHTML, like Gecko) Chrome/46.0.2490.86 Safari/537.36"
::1 - - [28/Nov/2015:10:28:14 +0000] "GET / HTTP/1.1" 304 - "-" "Mozilla/5.0 (Windows NT 6.1; WOW64) AppleWebKit/537.36 (KHTML, like Gecko) Chrome/46.0.2490.86 Safari/537.36"
::1 - - [28/Nov/2015:10:28:14 +0000] "GET /public/css/style.css HTTP/1.1" 304 - "http://localhost:3000/" "Mozilla/5.0 (Windows NT 6.1; WOW64) AppleWebKit/537.36 (KHTML, like Gecko) Chrome/46.0.2490.86 Safari/537.36"
::1 - - [28/Nov/2015:10:28:14 +0000] "GET /public/js/jquery.js HTTP/1.1" 304 - "http://localhost:3000/" "Mozilla/5.0 (Windows NT 6.1; WOW64) AppleWebKit/537.36 (KHTML, like Gecko) Chrome/46.0.2490.86 Safari/537.36"
::1 - - [28/Nov/2015:10:28:14 +0000] "GET /public/js/gameMgtController.js HTTP/1.1" 304 - "http://localhost:3000/" "Mozilla/5.0 (Windows NT 6.1; WOW64) AppleWebKit/537.36 (KHTML, like Gecko) Chrome/46.0.2490.86 Safari/537.36"
::1 - - [28/Nov/2015:10:28:14 +0000] "GET /public/js/jsonParseController.js HTTP/1.1" 304 - "http://localhost:3000/" "Mozilla/5.0 (Windows NT 6.1; WOW64) AppleWebKit/537.36 (KHTML, like Gecko) Chrome/46.0.2490.86 Safari/537.36"
::1 - - [28/Nov/2015:10:28:14 +0000] "GET /public/js/common.js HTTP/1.1" 304 - "http://localhost:3000/" "Mozilla/5.0 (Windows NT 6.1; WOW64) AppleWebKit/537.36 (KHTML, like Gecko) Chrome/46.0.2490.86 Safari/537.36"
::1 - - [28/Nov/2015:10:28:14 +0000] "GET /public/images/arrow.gif HTTP/1.1" 304 - "http://localhost:3000/" "Mozilla/5.0 (Windows NT 6.1; WOW64) AppleWebKit/537.36 (KHTML, like Gecko) Chrome/46.0.2490.86 Safari/537.36"
::1 - - [28/Nov/2015:10:28:15 +0000] "GET /public/js/cityMgtController.js HTTP/1.1" 200 1355 "http://localhost:3000/" "Mozilla/5.0 (Windows NT 6.1; WOW64) AppleWebKit/537.36 (KHTML, like Gecko) Chrome/46.0.2490.86 Safari/537.36"
::1 - - [28/Nov/2015:10:28:15 +0000] "GET /favicon.ico HTTP/1.1" 200 13 "http://localhost:3000/" "Mozilla/5.0 (Windows NT 6.1; WOW64) AppleWebKit/537.36 (KHTML, like Gecko) Chrome/46.0.2490.86 Safari/537.36"
::1 - - [28/Nov/2015:10:28:39 +0000] "GET / HTTP/1.1" 304 - "-" "Mozilla/5.0 (Windows NT 6.1; WOW64) AppleWebKit/537.36 (KHTML, like Gecko) Chrome/46.0.2490.86 Safari/537.36"
::1 - - [28/Nov/2015:10:28:40 +0000] "GET /public/css/style.css HTTP/1.1" 304 - "http://localhost:3000/" "Mozilla/5.0 (Windows NT 6.1; WOW64) AppleWebKit/537.36 (KHTML, like Gecko) Chrome/46.0.2490.86 Safari/537.36"
::1 - - [28/Nov/2015:10:28:40 +0000] "GET /public/js/jquery.js HTTP/1.1" 304 - "http://localhost:3000/" "Mozilla/5.0 (Windows NT 6.1; WOW64) AppleWebKit/537.36 (KHTML, like Gecko) Chrome/46.0.2490.86 Safari/537.36"
::1 - - [28/Nov/2015:10:28:40 +0000] "GET /public/js/gameMgtController.js HTTP/1.1" 304 - "http://localhost:3000/" "Mozilla/5.0 (Windows NT 6.1; WOW64) AppleWebKit/537.36 (KHTML, like Gecko) Chrome/46.0.2490.86 Safari/537.36"
::1 - - [28/Nov/2015:10:28:40 +0000] "GET /public/js/jsonParseController.js HTTP/1.1" 304 - "http://localhost:3000/" "Mozilla/5.0 (Windows NT 6.1; WOW64) AppleWebKit/537.36 (KHTML, like Gecko) Chrome/46.0.2490.86 Safari/537.36"
::1 - - [28/Nov/2015:10:28:40 +0000] "GET /public/js/common.js HTTP/1.1" 304 - "http://localhost:3000/" "Mozilla/5.0 (Windows NT 6.1; WOW64) AppleWebKit/537.36 (KHTML, like Gecko) Chrome/46.0.2490.86 Safari/537.36"
::1 - - [28/Nov/2015:10:28:40 +0000] "GET /public/images/arrow.gif HTTP/1.1" 304 - "http://localhost:3000/" "Mozilla/5.0 (Windows NT 6.1; WOW64) AppleWebKit/537.36 (KHTML, like Gecko) Chrome/46.0.2490.86 Safari/537.36"
::1 - - [28/Nov/2015:10:28:40 +0000] "GET /public/js/cityMgtController.js HTTP/1.1" 200 1367 "http://localhost:3000/" "Mozilla/5.0 (Windows NT 6.1; WOW64) AppleWebKit/537.36 (KHTML, like Gecko) Chrome/46.0.2490.86 Safari/537.36"
::1 - - [28/Nov/2015:10:28:40 +0000] "GET /favicon.ico HTTP/1.1" 200 13 "http://localhost:3000/" "Mozilla/5.0 (Windows NT 6.1; WOW64) AppleWebKit/537.36 (KHTML, like Gecko) Chrome/46.0.2490.86 Safari/537.36"
::1 - - [28/Nov/2015:10:28:42 +0000] "GET /city_management?newCity HTTP/1.1" 304 - "http://localhost:3000/" "Mozilla/5.0 (Windows NT 6.1; WOW64) AppleWebKit/537.36 (KHTML, like Gecko) Chrome/46.0.2490.86 Safari/537.36"
::1 - - [28/Nov/2015:10:28:42 +0000] "GET /public/css/style.css HTTP/1.1" 304 - "http://localhost:3000/city_management?newCity" "Mozilla/5.0 (Windows NT 6.1; WOW64) AppleWebKit/537.36 (KHTML, like Gecko) Chrome/46.0.2490.86 Safari/537.36"
::1 - - [28/Nov/2015:10:28:42 +0000] "GET /public/js/jquery.js HTTP/1.1" 304 - "http://localhost:3000/city_management?newCity" "Mozilla/5.0 (Windows NT 6.1; WOW64) AppleWebKit/537.36 (KHTML, like Gecko) Chrome/46.0.2490.86 Safari/537.36"
::1 - - [28/Nov/2015:10:28:42 +0000] "GET /public/js/gameMgtController.js HTTP/1.1" 304 - "http://localhost:3000/city_management?newCity" "Mozilla/5.0 (Windows NT 6.1; WOW64) AppleWebKit/537.36 (KHTML, like Gecko) Chrome/46.0.2490.86 Safari/537.36"
::1 - - [28/Nov/2015:10:28:42 +0000] "GET /public/js/cityMgtController.js HTTP/1.1" 304 - "http://localhost:3000/city_management?newCity" "Mozilla/5.0 (Windows NT 6.1; WOW64) AppleWebKit/537.36 (KHTML, like Gecko) Chrome/46.0.2490.86 Safari/537.36"
::1 - - [28/Nov/2015:10:28:42 +0000] "GET /public/js/jsonParseController.js HTTP/1.1" 304 - "http://localhost:3000/city_management?newCity" "Mozilla/5.0 (Windows NT 6.1; WOW64) AppleWebKit/537.36 (KHTML, like Gecko) Chrome/46.0.2490.86 Safari/537.36"
::1 - - [28/Nov/2015:10:28:42 +0000] "GET /public/js/common.js HTTP/1.1" 304 - "http://localhost:3000/city_management?newCity" "Mozilla/5.0 (Windows NT 6.1; WOW64) AppleWebKit/537.36 (KHTML, like Gecko) Chrome/46.0.2490.86 Safari/537.36"
::1 - - [28/Nov/2015:10:28:42 +0000] "GET /public/images/townHall.gif HTTP/1.1" 304 - "http://localhost:3000/city_management?newCity" "Mozilla/5.0 (Windows NT 6.1; WOW64) AppleWebKit/537.36 (KHTML, like Gecko) Chrome/46.0.2490.86 Safari/537.36"
::1 - - [28/Nov/2015:10:28:42 +0000] "GET /public/images/superMarket.gif HTTP/1.1" 304 - "http://localhost:3000/city_management?newCity" "Mozilla/5.0 (Windows NT 6.1; WOW64) AppleWebKit/537.36 (KHTML, like Gecko) Chrome/46.0.2490.86 Safari/537.36"
::1 - - [28/Nov/2015:10:28:42 +0000] "GET /public/images/restaurant.gif HTTP/1.1" 304 - "http://localhost:3000/city_management?newCity" "Mozilla/5.0 (Windows NT 6.1; WOW64) AppleWebKit/537.36 (KHTML, like Gecko) Chrome/46.0.2490.86 Safari/537.36"
::1 - - [28/Nov/2015:10:28:42 +0000] "GET /public/images/expo_center.gif HTTP/1.1" 304 - "http://localhost:3000/city_management?newCity" "Mozilla/5.0 (Windows NT 6.1; WOW64) AppleWebKit/537.36 (KHTML, like Gecko) Chrome/46.0.2490.86 Safari/537.36"
::1 - - [28/Nov/2015:10:28:42 +0000] "GET /public/images/train_station.gif HTTP/1.1" 304 - "http://localhost:3000/city_management?newCity" "Mozilla/5.0 (Windows NT 6.1; WOW64) AppleWebKit/537.36 (KHTML, like Gecko) Chrome/46.0.2490.86 Safari/537.36"
::1 - - [28/Nov/2015:10:28:42 +0000] "GET /counterValue HTTP/1.1" 200 55 "http://localhost:3000/city_management?newCity" "Mozilla/5.0 (Windows NT 6.1; WOW64) AppleWebKit/537.36 (KHTML, like Gecko) Chrome/46.0.2490.86 Safari/537.36"
::1 - - [28/Nov/2015:10:28:43 +0000] "GET /favicon.ico HTTP/1.1" 304 - "http://localhost:3000/city_management?newCity" "Mozilla/5.0 (Windows NT 6.1; WOW64) AppleWebKit/537.36 (KHTML, like Gecko) Chrome/46.0.2490.86 Safari/537.36"
::1 - - [28/Nov/2015:10:28:45 +0000] "GET /city_management HTTP/1.1" 304 - "-" "Mozilla/5.0 (Windows NT 6.1; WOW64) AppleWebKit/537.36 (KHTML, like Gecko) Chrome/46.0.2490.86 Safari/537.36"
::1 - - [28/Nov/2015:10:28:45 +0000] "GET /public/css/style.css HTTP/1.1" 304 - "http://localhost:3000/city_management" "Mozilla/5.0 (Windows NT 6.1; WOW64) AppleWebKit/537.36 (KHTML, like Gecko) Chrome/46.0.2490.86 Safari/537.36"
::1 - - [28/Nov/2015:10:28:45 +0000] "GET /public/js/jquery.js HTTP/1.1" 304 - "http://localhost:3000/city_management" "Mozilla/5.0 (Windows NT 6.1; WOW64) AppleWebKit/537.36 (KHTML, like Gecko) Chrome/46.0.2490.86 Safari/537.36"
::1 - - [28/Nov/2015:10:28:45 +0000] "GET /public/js/gameMgtController.js HTTP/1.1" 304 - "http://localhost:3000/city_management" "Mozilla/5.0 (Windows NT 6.1; WOW64) AppleWebKit/537.36 (KHTML, like Gecko) Chrome/46.0.2490.86 Safari/537.36"
::1 - - [28/Nov/2015:10:28:45 +0000] "GET /public/js/cityMgtController.js HTTP/1.1" 304 - "http://localhost:3000/city_management" "Mozilla/5.0 (Windows NT 6.1; WOW64) AppleWebKit/537.36 (KHTML, like Gecko) Chrome/46.0.2490.86 Safari/537.36"
::1 - - [28/Nov/2015:10:28:45 +0000] "GET /public/js/jsonParseController.js HTTP/1.1" 304 - "http://localhost:3000/city_management" "Mozilla/5.0 (Windows NT 6.1; WOW64) AppleWebKit/537.36 (KHTML, like Gecko) Chrome/46.0.2490.86 Safari/537.36"
::1 - - [28/Nov/2015:10:28:45 +0000] "GET /public/js/common.js HTTP/1.1" 304 - "http://localhost:3000/city_management" "Mozilla/5.0 (Windows NT 6.1; WOW64) AppleWebKit/537.36 (KHTML, like Gecko) Chrome/46.0.2490.86 Safari/537.36"
::1 - - [28/Nov/2015:10:28:45 +0000] "GET /public/images/townHall.gif HTTP/1.1" 304 - "http://localhost:3000/city_management" "Mozilla/5.0 (Windows NT 6.1; WOW64) AppleWebKit/537.36 (KHTML, like Gecko) Chrome/46.0.2490.86 Safari/537.36"
::1 - - [28/Nov/2015:10:28:45 +0000] "GET /public/images/superMarket.gif HTTP/1.1" 304 - "http://localhost:3000/city_management" "Mozilla/5.0 (Windows NT 6.1; WOW64) AppleWebKit/537.36 (KHTML, like Gecko) Chrome/46.0.2490.86 Safari/537.36"
::1 - - [28/Nov/2015:10:28:45 +0000] "GET /public/images/restaurant.gif HTTP/1.1" 304 - "http://localhost:3000/city_management" "Mozilla/5.0 (Windows NT 6.1; WOW64) AppleWebKit/537.36 (KHTML, like Gecko) Chrome/46.0.2490.86 Safari/537.36"
::1 - - [28/Nov/2015:10:28:45 +0000] "GET /public/images/expo_center.gif HTTP/1.1" 304 - "http://localhost:3000/city_management" "Mozilla/5.0 (Windows NT 6.1; WOW64) AppleWebKit/537.36 (KHTML, like Gecko) Chrome/46.0.2490.86 Safari/537.36"
::1 - - [28/Nov/2015:10:28:45 +0000] "GET /public/images/train_station.gif HTTP/1.1" 304 - "http://localhost:3000/city_management" "Mozilla/5.0 (Windows NT 6.1; WOW64) AppleWebKit/537.36 (KHTML, like Gecko) Chrome/46.0.2490.86 Safari/537.36"
::1 - - [28/Nov/2015:10:28:45 +0000] "GET /favicon.ico HTTP/1.1" 304 - "http://localhost:3000/city_management" "Mozilla/5.0 (Windows NT 6.1; WOW64) AppleWebKit/537.36 (KHTML, like Gecko) Chrome/46.0.2490.86 Safari/537.36"
